[2025-05-18 03:49:45] [INFO]:
Spectator UUID: 0b50513a-b971-3ac6-9cb4-f7d559695434
Spectator Name: gato24teiko
Taken         : [LEATHER_HELMET & COLORABLE_ARMOR_META:{meta-type=COLORABLE_ARMOR, Damage=19} x 1, LEATHER_LEGGINGS & COLORABLE_ARMOR_META:{meta-type=COLORABLE_ARMOR, Damage=19} x 1, LEATHER_BOOTS & COLORABLE_ARMOR_META:{meta-type=COLORABLE_ARMOR, Damage=19} x 1, LEATHER_CHESTPLATE & COLORABLE_ARMOR_META:{meta-type=COLORABLE_ARMOR, Damage=19} x 1, DIRT x 8, OAK_LOG x 7, ROTTEN_FLESH x 1, STONE_SWORD & UNSPECIFIC_META:{meta-type=UNSPECIFIC, Damage=12} x 1]
Given         : []
Target        : .IllBRYANELPRO
[2025-05-18 03:49:45] [INFO]:
Spectator UUID: 0b50513a-b971-3ac6-9cb4-f7d559695434
Spectator Name: gato24teiko
Taken         : [LEATHER_HELMET & COLORABLE_ARMOR_META:{meta-type=COLORABLE_ARMOR, Damage=19} x 1, LEATHER_LEGGINGS & COLORABLE_ARMOR_META:{meta-type=COLORABLE_ARMOR, Damage=19} x 1, LEATHER_BOOTS & COLORABLE_ARMOR_META:{meta-type=COLORABLE_ARMOR, Damage=19} x 1, LEATHER_CHESTPLATE & COLORABLE_ARMOR_META:{meta-type=COLORABLE_ARMOR, Damage=19} x 1, DIRT x 8, OAK_LOG x 7, ROTTEN_FLESH x 1, STONE_SWORD & UNSPECIFIC_META:{meta-type=UNSPECIFIC, Damage=12} x 1]
Given         : []
Target        : .IllBRYANELPRO
[2025-05-18 03:52:33] [INFO]:
Spectator UUID: 0b50513a-b971-3ac6-9cb4-f7d559695434
Spectator Name: gato24teiko
Taken         : []
Given         : [BOWL x 64]
Target        : Bryangvv123
[2025-05-18 03:52:33] [INFO]:
Spectator UUID: 0b50513a-b971-3ac6-9cb4-f7d559695434
Spectator Name: gato24teiko
Taken         : []
Given         : [BOWL x 64]
Target        : Bryangvv123
[2025-05-18 03:52:33] [INFO]:
Spectator UUID: 0b50513a-b971-3ac6-9cb4-f7d559695434
Spectator Name: gato24teiko
Taken         : []
Given         : [BOWL x 64]
Target        : Bryangvv123
[2025-05-18 03:52:33] [INFO]:
Spectator UUID: 0b50513a-b971-3ac6-9cb4-f7d559695434
Spectator Name: gato24teiko
Taken         : []
Given         : [BOWL x 64]
Target        : Bryangvv123
[2025-05-18 03:52:47] [INFO]:
Spectator UUID: 0b50513a-b971-3ac6-9cb4-f7d559695434
Spectator Name: gato24teiko
Taken         : [BOWL x 64]
Given         : []
Target        : Bryangvv123
[2025-05-18 03:52:47] [INFO]:
Spectator UUID: 0b50513a-b971-3ac6-9cb4-f7d559695434
Spectator Name: gato24teiko
Taken         : [BOWL x 64]
Given         : []
Target        : Bryangvv123
[2025-05-18 03:52:47] [INFO]:
Spectator UUID: 0b50513a-b971-3ac6-9cb4-f7d559695434
Spectator Name: gato24teiko
Taken         : [BOWL x 64]
Given         : []
Target        : Bryangvv123
[2025-05-18 03:52:47] [INFO]:
Spectator UUID: 0b50513a-b971-3ac6-9cb4-f7d559695434
Spectator Name: gato24teiko
Taken         : [BOWL x 64]
Given         : []
Target        : Bryangvv123
[2025-05-18 03:52:47] [INFO]:
Spectator UUID: 0b50513a-b971-3ac6-9cb4-f7d559695434
Spectator Name: gato24teiko
Taken         : [BOWL x 64]
Given         : []
Target        : Bryangvv123
