[07:54:03] [ServerMain/INFO]: [bootstrap] Running Java 21 (OpenJDK 64-Bit Server VM 21.0.7+6-Ubuntu-0ubuntu120.04; Ubuntu null) on Linux 6.8.0-1027-azure (amd64)
[07:54:03] [ServerMain/INFO]: [bootstrap] Loading Paper 1.21-130-master@b1b5d4c (2024-08-10T10:02:42Z) for Minecraft 1.21
[07:54:03] [ServerMain/INFO]: [PluginInitializerManager] Initializing plugins...
[07:54:05] [Paper Plugin Remapper Thread - 0/INFO]: [PluginRemapper] Remapping plugin 'plugins/customcrafting-spigot-4.19.0.jar'...
[07:54:05] [Paper Plugin Remapper Thread - 1/INFO]: [PluginRemapper] Remapping plugin 'plugins/voicechat-bukkit-2.5.30.jar'...
[07:54:05] [Paper Plugin Remapper Thread - 2/INFO]: [PluginRemapper] Remapping plugin 'plugins/BattleArena.jar'...
[07:54:05] [Paper Plugin Remapper Thread - 3/INFO]: [PluginRemapper] Remapping plugin 'plugins/xaero-map-spigot-1.0.0.jar'...
[07:54:06] [Paper Plugin Remapper Thread - 3/INFO]: [PluginRemapper] Done remapping plugin 'plugins/xaero-map-spigot-1.0.0.jar' in 1135ms.
[07:54:06] [Paper Plugin Remapper Thread - 3/INFO]: [PluginRemapper] Remapping plugin 'plugins/UltimateTeams-3.3.jar'...
[07:54:08] [Paper Plugin Remapper Thread - 2/INFO]: [PluginRemapper] Done remapping plugin 'plugins/BattleArena.jar' in 3158ms.
[07:54:08] [Paper Plugin Remapper Thread - 2/INFO]: [PluginRemapper] Remapping plugin 'plugins/FoxAddition.jar'...
[07:54:09] [Paper Plugin Remapper Thread - 2/INFO]: [PluginRemapper] Done remapping plugin 'plugins/FoxAddition.jar' in 742ms.
[07:54:09] [Paper Plugin Remapper Thread - 2/INFO]: [PluginRemapper] Remapping plugin 'plugins/worldedit-bukkit-7.3.12-beta-02.jar'...
[07:54:09] [Paper Plugin Remapper Thread - 1/INFO]: [PluginRemapper] Done remapping plugin 'plugins/voicechat-bukkit-2.5.30.jar' in 4085ms.
[07:54:09] [Paper Plugin Remapper Thread - 1/INFO]: [PluginRemapper] Remapping plugin 'plugins/JEXT-Reborn_2.1.9.jar'...
[07:54:10] [Paper Plugin Remapper Thread - 0/INFO]: [PluginRemapper] Done remapping plugin 'plugins/customcrafting-spigot-4.19.0.jar' in 4800ms.
[07:54:10] [Paper Plugin Remapper Thread - 0/INFO]: [PluginRemapper] Remapping plugin 'plugins/BackpackPlus-1.5.6-beta-all.jar'...
[07:54:11] [Paper Plugin Remapper Thread - 0/INFO]: [PluginRemapper] Done remapping plugin 'plugins/BackpackPlus-1.5.6-beta-all.jar' in 1128ms.
[07:54:11] [Paper Plugin Remapper Thread - 3/INFO]: [PluginRemapper] Done remapping plugin 'plugins/UltimateTeams-3.3.jar' in 5254ms.
[07:54:13] [Paper Plugin Remapper Thread - 1/INFO]: [PluginRemapper] Done remapping plugin 'plugins/JEXT-Reborn_2.1.9.jar' in 4055ms.
[07:54:14] [Paper Plugin Remapper Thread - 2/INFO]: [PluginRemapper] Done remapping plugin 'plugins/worldedit-bukkit-7.3.12-beta-02.jar' in 5117ms.
[07:54:17] [ServerMain/INFO]: [PluginInitializerManager] Initialized 21 plugins
[07:54:17] [ServerMain/INFO]: [PluginInitializerManager] Paper plugins (1):
 - HuskHomes (4.9.6)
[07:54:17] [ServerMain/INFO]: [PluginInitializerManager] Bukkit plugins (20):
 - BackpackPlus (1.5.6-beta), BattleArena (4.0.2), CustomCrafting (4.19.0), CustomDiscs (2.1.8), DropHead (2.0.0), FoxAddition (1.2.0), Geyser-Spigot (2.7.1-SNAPSHOT), InvSeePlusPlus (0.29.20), JukeboxExtendedReborn (2.1.9), NameColor (1.10.1), ProtocolLib (5.3.0), SkinsRestorer (15.6.3), UltimateTeams (3.3), Vanish (0.1), ViaBackwards (5.3.2), ViaVersion (5.3.2), WorldEdit (7.3.12-beta-02+ac380ad), floodgate (2.2.4-SNAPSHOT (b116-0e3163c)), voicechat (2.5.30), xaero-map-spigot (1.0.0)
[07:54:25] [ServerMain/INFO]: Environment: Environment[sessionHost=https://sessionserver.mojang.com, servicesHost=https://api.minecraftservices.com, name=PROD]
[07:54:29] [ServerMain/INFO]: Loaded 1290 recipes
[07:54:29] [ServerMain/INFO]: Loaded 1399 advancements
[07:54:30] [Server thread/INFO]: Starting minecraft server version 1.21
[07:54:30] [Server thread/INFO]: Loading properties
[07:54:30] [Server thread/INFO]: This server is running Paper version 1.21-130-master@b1b5d4c (2024-08-10T10:02:42Z) (Implementing API version 1.21-R0.1-SNAPSHOT)
[07:54:31] [Server thread/INFO]: [spark] This server bundles the spark profiler. For more information please visit https://docs.papermc.io/paper/profiling
[07:54:31] [Server thread/INFO]: Server Ping Player Sample Count: 12
[07:54:31] [Server thread/INFO]: Using 4 threads for Netty based IO
[07:54:31] [Server thread/INFO]: [ChunkTaskScheduler] Chunk system is using 1 I/O threads, 1 worker threads, and population gen parallelism of 1 threads
[07:54:32] [Server thread/INFO]: Default game type: SURVIVAL
[07:54:32] [Server thread/INFO]: Generating keypair
[07:54:32] [Server thread/INFO]: Starting Minecraft server on *:25565
[07:54:32] [Server thread/INFO]: Using epoll channel type
[07:54:32] [Server thread/INFO]: Paper: Using libdeflate (Linux x86_64) compression from Velocity.
[07:54:32] [Server thread/INFO]: Paper: Using OpenSSL 1.1.x (Linux x86_64) cipher from Velocity.
[07:54:32] [Server thread/ERROR]: [ModernPluginLoadingStrategy] Could not load 'plugins/.paper-remapped/customcrafting-spigot-4.19.0.jar' in 'plugins/.paper-remapped'
org.bukkit.plugin.UnknownDependencyException: Unknown/missing dependency plugins: [WolfyUtilities, NBTAPI]. Please download and install these plugins to run 'CustomCrafting'.
	at io.papermc.paper.plugin.entrypoint.strategy.modern.ModernPluginLoadingStrategy.loadProviders(ModernPluginLoadingStrategy.java:82) ~[paper-1.21.jar:1.21-130-b1b5d4c]
	at io.papermc.paper.plugin.storage.SimpleProviderStorage.enter(SimpleProviderStorage.java:38) ~[paper-1.21.jar:1.21-130-b1b5d4c]
	at io.papermc.paper.plugin.entrypoint.LaunchEntryPointHandler.enter(LaunchEntryPointHandler.java:40) ~[paper-1.21.jar:1.21-130-b1b5d4c]
	at org.bukkit.craftbukkit.CraftServer.loadPlugins(CraftServer.java:546) ~[paper-1.21.jar:1.21-130-b1b5d4c]
	at net.minecraft.server.dedicated.DedicatedServer.initServer(DedicatedServer.java:292) ~[paper-1.21.jar:1.21-130-b1b5d4c]
	at net.minecraft.server.MinecraftServer.runServer(MinecraftServer.java:1215) ~[paper-1.21.jar:1.21-130-b1b5d4c]
	at net.minecraft.server.MinecraftServer.lambda$spin$0(MinecraftServer.java:330) ~[paper-1.21.jar:1.21-130-b1b5d4c]
	at java.base/java.lang.Thread.run(Thread.java:1583) ~[?:?]
[07:54:35] [Server thread/ERROR]: [ModernPluginLoadingStrategy] Could not load plugin 'worldedit-bukkit-7.3.12-beta-02.jar' in folder 'plugins/.paper-remapped'
org.bukkit.plugin.InvalidPluginException: Unsupported API version 1.21.3
	at org.bukkit.craftbukkit.util.CraftMagicNumbers.checkSupported(CraftMagicNumbers.java:369) ~[paper-1.21.jar:1.21-130-b1b5d4c]
	at io.papermc.paper.plugin.provider.type.spigot.SpigotPluginProvider.createInstance(SpigotPluginProvider.java:121) ~[paper-1.21.jar:1.21-130-b1b5d4c]
	at io.papermc.paper.plugin.provider.type.spigot.SpigotPluginProvider.createInstance(SpigotPluginProvider.java:35) ~[paper-1.21.jar:1.21-130-b1b5d4c]
	at io.papermc.paper.plugin.entrypoint.strategy.modern.ModernPluginLoadingStrategy.loadProviders(ModernPluginLoadingStrategy.java:116) ~[paper-1.21.jar:1.21-130-b1b5d4c]
	at io.papermc.paper.plugin.storage.SimpleProviderStorage.enter(SimpleProviderStorage.java:38) ~[paper-1.21.jar:1.21-130-b1b5d4c]
	at io.papermc.paper.plugin.entrypoint.LaunchEntryPointHandler.enter(LaunchEntryPointHandler.java:40) ~[paper-1.21.jar:1.21-130-b1b5d4c]
	at org.bukkit.craftbukkit.CraftServer.loadPlugins(CraftServer.java:546) ~[paper-1.21.jar:1.21-130-b1b5d4c]
	at net.minecraft.server.dedicated.DedicatedServer.initServer(DedicatedServer.java:292) ~[paper-1.21.jar:1.21-130-b1b5d4c]
	at net.minecraft.server.MinecraftServer.runServer(MinecraftServer.java:1215) ~[paper-1.21.jar:1.21-130-b1b5d4c]
	at net.minecraft.server.MinecraftServer.lambda$spin$0(MinecraftServer.java:330) ~[paper-1.21.jar:1.21-130-b1b5d4c]
	at java.base/java.lang.Thread.run(Thread.java:1583) ~[?:?]
[07:54:36] [Server thread/INFO]: [SpigotLibraryLoader] [BackpackPlus] Loading 3 libraries... please wait
[07:54:36] [Server thread/INFO]: [SpigotLibraryLoader] Downloading https://repo.maven.apache.org/maven2/com/zaxxer/HikariCP/4.0.3/HikariCP-4.0.3.pom
[07:54:36] [Server thread/INFO]: [SpigotLibraryLoader] Downloading https://repo.maven.apache.org/maven2/org/sonatype/oss/oss-parent/9/oss-parent-9.pom
[07:54:36] [Server thread/INFO]: [SpigotLibraryLoader] Downloading https://repo.maven.apache.org/maven2/org/slf4j/slf4j-api/2.0.0-alpha1/slf4j-api-2.0.0-alpha1.pom
[07:54:36] [Server thread/INFO]: [SpigotLibraryLoader] Downloading https://repo.maven.apache.org/maven2/org/slf4j/slf4j-parent/2.0.0-alpha1/slf4j-parent-2.0.0-alpha1.pom
[07:54:36] [Server thread/INFO]: [SpigotLibraryLoader] Downloading https://repo.maven.apache.org/maven2/org/xerial/sqlite-jdbc/3.46.1.0/sqlite-jdbc-3.46.1.0.pom
[07:54:36] [Server thread/INFO]: [org.eclipse.aether.internal.impl.DefaultArtifactResolver] Artifact org.slf4j:slf4j-api:pom:1.7.36 is present in the local repository, but cached from a remote repository ID that is unavailable in current build context, verifying that is downloadable from [central (https://repo.maven.apache.org/maven2, default, releases+snapshots)]
[07:54:36] [Server thread/INFO]: [org.eclipse.aether.internal.impl.DefaultArtifactResolver] Artifact org.slf4j:slf4j-api:pom:1.7.36 is present in the local repository, but cached from a remote repository ID that is unavailable in current build context, verifying that is downloadable from [central (https://repo.maven.apache.org/maven2, default, releases+snapshots)]
[07:54:36] [Server thread/INFO]: [org.eclipse.aether.internal.impl.DefaultArtifactResolver] Artifact org.slf4j:slf4j-parent:pom:1.7.36 is present in the local repository, but cached from a remote repository ID that is unavailable in current build context, verifying that is downloadable from [central (https://repo.maven.apache.org/maven2, default, releases+snapshots)]
[07:54:36] [Server thread/INFO]: [org.eclipse.aether.internal.impl.DefaultArtifactResolver] Artifact org.slf4j:slf4j-parent:pom:1.7.36 is present in the local repository, but cached from a remote repository ID that is unavailable in current build context, verifying that is downloadable from [central (https://repo.maven.apache.org/maven2, default, releases+snapshots)]
[07:54:36] [Server thread/INFO]: [SpigotLibraryLoader] Downloading https://repo.maven.apache.org/maven2/org/postgresql/postgresql/42.7.2/postgresql-42.7.2.pom
[07:54:36] [Server thread/INFO]: [SpigotLibraryLoader] Downloading https://repo.maven.apache.org/maven2/org/checkerframework/checker-qual/3.42.0/checker-qual-3.42.0.pom
[07:54:36] [Server thread/INFO]: [SpigotLibraryLoader] Downloading https://repo.maven.apache.org/maven2/com/zaxxer/HikariCP/4.0.3/HikariCP-4.0.3.jar
[07:54:36] [BasicRepositoryConnector-repo.maven.apache.org-0-0/INFO]: [SpigotLibraryLoader] Downloading https://repo.maven.apache.org/maven2/org/slf4j/slf4j-api/2.0.0-alpha1/slf4j-api-2.0.0-alpha1.jar
[07:54:36] [BasicRepositoryConnector-repo.maven.apache.org-0-1/INFO]: [SpigotLibraryLoader] Downloading https://repo.maven.apache.org/maven2/org/xerial/sqlite-jdbc/3.46.1.0/sqlite-jdbc-3.46.1.0.jar
[07:54:36] [BasicRepositoryConnector-repo.maven.apache.org-0-3/INFO]: [SpigotLibraryLoader] Downloading https://repo.maven.apache.org/maven2/org/checkerframework/checker-qual/3.42.0/checker-qual-3.42.0.jar
[07:54:36] [BasicRepositoryConnector-repo.maven.apache.org-0-2/INFO]: [SpigotLibraryLoader] Downloading https://repo.maven.apache.org/maven2/org/postgresql/postgresql/42.7.2/postgresql-42.7.2.jar
[07:54:37] [Server thread/INFO]: [SpigotLibraryLoader] [BackpackPlus] Loaded library /workspaces/server/servidor_minecraft/libraries/com/zaxxer/HikariCP/4.0.3/HikariCP-4.0.3.jar
[07:54:37] [Server thread/INFO]: [SpigotLibraryLoader] [BackpackPlus] Loaded library /workspaces/server/servidor_minecraft/libraries/org/slf4j/slf4j-api/2.0.0-alpha1/slf4j-api-2.0.0-alpha1.jar
[07:54:37] [Server thread/INFO]: [SpigotLibraryLoader] [BackpackPlus] Loaded library /workspaces/server/servidor_minecraft/libraries/org/xerial/sqlite-jdbc/3.46.1.0/sqlite-jdbc-3.46.1.0.jar
[07:54:37] [Server thread/INFO]: [SpigotLibraryLoader] [BackpackPlus] Loaded library /workspaces/server/servidor_minecraft/libraries/org/postgresql/postgresql/42.7.2/postgresql-42.7.2.jar
[07:54:37] [Server thread/INFO]: [SpigotLibraryLoader] [BackpackPlus] Loaded library /workspaces/server/servidor_minecraft/libraries/org/checkerframework/checker-qual/3.42.0/checker-qual-3.42.0.jar
[07:54:37] [Server thread/INFO]: [SpigotLibraryLoader] [UltimateTeams] Loading 6 libraries... please wait
[07:54:37] [Server thread/INFO]: [SpigotLibraryLoader] Downloading https://repo.maven.apache.org/maven2/com/mysql/mysql-connector-j/9.0.0/mysql-connector-j-9.0.0.pom
[07:54:37] [Server thread/INFO]: [SpigotLibraryLoader] Downloading https://repo.maven.apache.org/maven2/com/google/protobuf/protobuf-java/4.26.1/protobuf-java-4.26.1.pom
[07:54:37] [Server thread/INFO]: [SpigotLibraryLoader] Downloading https://repo.maven.apache.org/maven2/com/google/protobuf/protobuf-parent/4.26.1/protobuf-parent-4.26.1.pom
[07:54:37] [Server thread/INFO]: [SpigotLibraryLoader] Downloading https://repo.maven.apache.org/maven2/com/google/protobuf/protobuf-bom/4.26.1/protobuf-bom-4.26.1.pom
[07:54:37] [Server thread/INFO]: [SpigotLibraryLoader] Downloading https://repo.maven.apache.org/maven2/org/mariadb/jdbc/mariadb-java-client/3.4.1/mariadb-java-client-3.4.1.pom
[07:54:37] [Server thread/INFO]: [org.eclipse.aether.internal.impl.DefaultArtifactResolver] Artifact org.junit:junit-bom:pom:5.7.0 is present in the local repository, but cached from a remote repository ID that is unavailable in current build context, verifying that is downloadable from [central (https://repo.maven.apache.org/maven2, default, releases+snapshots)]
[07:54:37] [Server thread/INFO]: [org.eclipse.aether.internal.impl.DefaultArtifactResolver] Artifact org.junit:junit-bom:pom:5.7.0 is present in the local repository, but cached from a remote repository ID that is unavailable in current build context, verifying that is downloadable from [central (https://repo.maven.apache.org/maven2, default, releases+snapshots)]
[07:54:38] [Server thread/INFO]: [org.eclipse.aether.internal.impl.DefaultArtifactResolver] Artifact software.amazon.awssdk:bom:pom:2.21.1 is present in the local repository, but cached from a remote repository ID that is unavailable in current build context, verifying that is downloadable from [central (https://repo.maven.apache.org/maven2, default, releases+snapshots)]
[07:54:38] [Server thread/INFO]: [org.eclipse.aether.internal.impl.DefaultArtifactResolver] Artifact software.amazon.awssdk:bom:pom:2.21.1 is present in the local repository, but cached from a remote repository ID that is unavailable in current build context, verifying that is downloadable from [central (https://repo.maven.apache.org/maven2, default, releases+snapshots)]
[07:54:38] [Server thread/INFO]: [org.eclipse.aether.internal.impl.DefaultArtifactResolver] Artifact software.amazon.awssdk:aws-sdk-java-pom:pom:2.21.1 is present in the local repository, but cached from a remote repository ID that is unavailable in current build context, verifying that is downloadable from [central (https://repo.maven.apache.org/maven2, default, releases+snapshots)]
[07:54:38] [Server thread/INFO]: [org.eclipse.aether.internal.impl.DefaultArtifactResolver] Artifact software.amazon.awssdk:aws-sdk-java-pom:pom:2.21.1 is present in the local repository, but cached from a remote repository ID that is unavailable in current build context, verifying that is downloadable from [central (https://repo.maven.apache.org/maven2, default, releases+snapshots)]
[07:54:38] [Server thread/INFO]: [SpigotLibraryLoader] Downloading https://repo.maven.apache.org/maven2/com/github/waffle/waffle-jna/3.3.0/waffle-jna-3.3.0.pom
[07:54:38] [Server thread/INFO]: [SpigotLibraryLoader] Downloading https://repo.maven.apache.org/maven2/com/github/waffle/waffle-parent/3.3.0/waffle-parent-3.3.0.pom
[07:54:38] [Server thread/INFO]: [SpigotLibraryLoader] Downloading https://repo.maven.apache.org/maven2/net/java/dev/jna/jna/5.13.0/jna-5.13.0.pom
[07:54:38] [Server thread/INFO]: [SpigotLibraryLoader] Downloading https://repo.maven.apache.org/maven2/net/java/dev/jna/jna-platform/5.13.0/jna-platform-5.13.0.pom
[07:54:38] [Server thread/INFO]: [SpigotLibraryLoader] Downloading https://repo.maven.apache.org/maven2/org/slf4j/jcl-over-slf4j/2.0.7/jcl-over-slf4j-2.0.7.pom
[07:54:38] [Server thread/INFO]: [SpigotLibraryLoader] Downloading https://repo.maven.apache.org/maven2/org/slf4j/slf4j-parent/2.0.7/slf4j-parent-2.0.7.pom
[07:54:38] [Server thread/INFO]: [SpigotLibraryLoader] Downloading https://repo.maven.apache.org/maven2/org/slf4j/slf4j-api/2.0.7/slf4j-api-2.0.7.pom
[07:54:38] [Server thread/INFO]: [SpigotLibraryLoader] Downloading https://repo.maven.apache.org/maven2/com/github/ben-manes/caffeine/caffeine/2.9.3/caffeine-2.9.3.pom
[07:54:38] [Server thread/INFO]: [SpigotLibraryLoader] Downloading https://repo.maven.apache.org/maven2/org/checkerframework/checker-qual/3.19.0/checker-qual-3.19.0.pom
[07:54:38] [Server thread/INFO]: [SpigotLibraryLoader] Downloading https://repo.maven.apache.org/maven2/com/google/errorprone/error_prone_annotations/2.10.0/error_prone_annotations-2.10.0.pom
[07:54:38] [Server thread/INFO]: [SpigotLibraryLoader] Downloading https://repo.maven.apache.org/maven2/com/google/errorprone/error_prone_parent/2.10.0/error_prone_parent-2.10.0.pom
[07:54:38] [Server thread/INFO]: [SpigotLibraryLoader] Downloading https://repo.maven.apache.org/maven2/org/checkerframework/checker-qual/3.32.0/checker-qual-3.32.0.pom
[07:54:38] [Server thread/INFO]: [org.eclipse.aether.internal.impl.DefaultArtifactResolver] Artifact com.h2database:h2:pom:2.3.232 is present in the local repository, but cached from a remote repository ID that is unavailable in current build context, verifying that is downloadable from [central (https://repo.maven.apache.org/maven2, default, releases+snapshots)]
[07:54:38] [Server thread/INFO]: [org.eclipse.aether.internal.impl.DefaultArtifactResolver] Artifact com.h2database:h2:pom:2.3.232 is present in the local repository, but cached from a remote repository ID that is unavailable in current build context, verifying that is downloadable from [central (https://repo.maven.apache.org/maven2, default, releases+snapshots)]
[07:54:38] [Server thread/INFO]: [SpigotLibraryLoader] Downloading https://repo.maven.apache.org/maven2/com/zaxxer/HikariCP/5.1.0/HikariCP-5.1.0.pom
[07:54:38] [Server thread/INFO]: [SpigotLibraryLoader] Downloading https://repo.maven.apache.org/maven2/org/postgresql/postgresql/42.7.3/postgresql-42.7.3.pom
[07:54:38] [Server thread/INFO]: [org.eclipse.aether.internal.impl.DefaultArtifactResolver] Artifact org.slf4j:slf4j-api:jar:1.7.36 is present in the local repository, but cached from a remote repository ID that is unavailable in current build context, verifying that is downloadable from [central (https://repo.maven.apache.org/maven2, default, releases+snapshots)]
[07:54:38] [Server thread/INFO]: [org.eclipse.aether.internal.impl.DefaultArtifactResolver] Artifact com.h2database:h2:jar:2.3.232 is present in the local repository, but cached from a remote repository ID that is unavailable in current build context, verifying that is downloadable from [central (https://repo.maven.apache.org/maven2, default, releases+snapshots)]
[07:54:38] [Server thread/INFO]: [org.eclipse.aether.internal.impl.DefaultArtifactResolver] Artifact org.slf4j:slf4j-api:jar:1.7.36 is present in the local repository, but cached from a remote repository ID that is unavailable in current build context, verifying that is downloadable from [central (https://repo.maven.apache.org/maven2, default, releases+snapshots)]
[07:54:38] [Server thread/INFO]: [org.eclipse.aether.internal.impl.DefaultArtifactResolver] Artifact com.h2database:h2:jar:2.3.232 is present in the local repository, but cached from a remote repository ID that is unavailable in current build context, verifying that is downloadable from [central (https://repo.maven.apache.org/maven2, default, releases+snapshots)]
[07:54:38] [Server thread/INFO]: [SpigotLibraryLoader] Downloading https://repo.maven.apache.org/maven2/com/mysql/mysql-connector-j/9.0.0/mysql-connector-j-9.0.0.jar
[07:54:38] [BasicRepositoryConnector-repo.maven.apache.org-1-1/INFO]: [SpigotLibraryLoader] Downloading https://repo.maven.apache.org/maven2/org/mariadb/jdbc/mariadb-java-client/3.4.1/mariadb-java-client-3.4.1.jar
[07:54:38] [BasicRepositoryConnector-repo.maven.apache.org-1-0/INFO]: [SpigotLibraryLoader] Downloading https://repo.maven.apache.org/maven2/com/google/protobuf/protobuf-java/4.26.1/protobuf-java-4.26.1.jar
[07:54:38] [BasicRepositoryConnector-repo.maven.apache.org-1-2/INFO]: [SpigotLibraryLoader] Downloading https://repo.maven.apache.org/maven2/com/github/waffle/waffle-jna/3.3.0/waffle-jna-3.3.0.jar
[07:54:38] [BasicRepositoryConnector-repo.maven.apache.org-1-4/INFO]: [SpigotLibraryLoader] Downloading https://repo.maven.apache.org/maven2/net/java/dev/jna/jna-platform/5.13.0/jna-platform-5.13.0.jar
[07:54:38] [BasicRepositoryConnector-repo.maven.apache.org-1-3/INFO]: [SpigotLibraryLoader] Downloading https://repo.maven.apache.org/maven2/net/java/dev/jna/jna/5.13.0/jna-5.13.0.jar
[07:54:38] [BasicRepositoryConnector-repo.maven.apache.org-1-1/INFO]: [SpigotLibraryLoader] Downloading https://repo.maven.apache.org/maven2/org/slf4j/jcl-over-slf4j/2.0.7/jcl-over-slf4j-2.0.7.jar
[07:54:38] [BasicRepositoryConnector-repo.maven.apache.org-1-1/INFO]: [SpigotLibraryLoader] Downloading https://repo.maven.apache.org/maven2/com/github/ben-manes/caffeine/caffeine/2.9.3/caffeine-2.9.3.jar
[07:54:38] [BasicRepositoryConnector-repo.maven.apache.org-1-2/INFO]: [SpigotLibraryLoader] Downloading https://repo.maven.apache.org/maven2/com/google/errorprone/error_prone_annotations/2.10.0/error_prone_annotations-2.10.0.jar
[07:54:38] [BasicRepositoryConnector-repo.maven.apache.org-1-2/INFO]: [SpigotLibraryLoader] Downloading https://repo.maven.apache.org/maven2/com/zaxxer/HikariCP/5.1.0/HikariCP-5.1.0.jar
[07:54:39] [BasicRepositoryConnector-repo.maven.apache.org-1-1/INFO]: [SpigotLibraryLoader] Downloading https://repo.maven.apache.org/maven2/org/postgresql/postgresql/42.7.3/postgresql-42.7.3.jar
[07:54:39] [Server thread/INFO]: [SpigotLibraryLoader] [UltimateTeams] Loaded library /workspaces/server/servidor_minecraft/libraries/com/mysql/mysql-connector-j/9.0.0/mysql-connector-j-9.0.0.jar
[07:54:39] [Server thread/INFO]: [SpigotLibraryLoader] [UltimateTeams] Loaded library /workspaces/server/servidor_minecraft/libraries/com/google/protobuf/protobuf-java/4.26.1/protobuf-java-4.26.1.jar
[07:54:39] [Server thread/INFO]: [SpigotLibraryLoader] [UltimateTeams] Loaded library /workspaces/server/servidor_minecraft/libraries/org/mariadb/jdbc/mariadb-java-client/3.4.1/mariadb-java-client-3.4.1.jar
[07:54:39] [Server thread/INFO]: [SpigotLibraryLoader] [UltimateTeams] Loaded library /workspaces/server/servidor_minecraft/libraries/com/github/waffle/waffle-jna/3.3.0/waffle-jna-3.3.0.jar
[07:54:39] [Server thread/INFO]: [SpigotLibraryLoader] [UltimateTeams] Loaded library /workspaces/server/servidor_minecraft/libraries/net/java/dev/jna/jna/5.13.0/jna-5.13.0.jar
[07:54:39] [Server thread/INFO]: [SpigotLibraryLoader] [UltimateTeams] Loaded library /workspaces/server/servidor_minecraft/libraries/net/java/dev/jna/jna-platform/5.13.0/jna-platform-5.13.0.jar
[07:54:39] [Server thread/INFO]: [SpigotLibraryLoader] [UltimateTeams] Loaded library /workspaces/server/servidor_minecraft/libraries/org/slf4j/jcl-over-slf4j/2.0.7/jcl-over-slf4j-2.0.7.jar
[07:54:39] [Server thread/INFO]: [SpigotLibraryLoader] [UltimateTeams] Loaded library /workspaces/server/servidor_minecraft/libraries/com/github/ben-manes/caffeine/caffeine/2.9.3/caffeine-2.9.3.jar
[07:54:39] [Server thread/INFO]: [SpigotLibraryLoader] [UltimateTeams] Loaded library /workspaces/server/servidor_minecraft/libraries/com/google/errorprone/error_prone_annotations/2.10.0/error_prone_annotations-2.10.0.jar
[07:54:39] [Server thread/INFO]: [SpigotLibraryLoader] [UltimateTeams] Loaded library /workspaces/server/servidor_minecraft/libraries/org/xerial/sqlite-jdbc/3.46.1.0/sqlite-jdbc-3.46.1.0.jar
[07:54:39] [Server thread/INFO]: [SpigotLibraryLoader] [UltimateTeams] Loaded library /workspaces/server/servidor_minecraft/libraries/org/slf4j/slf4j-api/1.7.36/slf4j-api-1.7.36.jar
[07:54:39] [Server thread/INFO]: [SpigotLibraryLoader] [UltimateTeams] Loaded library /workspaces/server/servidor_minecraft/libraries/com/h2database/h2/2.3.232/h2-2.3.232.jar
[07:54:39] [Server thread/INFO]: [SpigotLibraryLoader] [UltimateTeams] Loaded library /workspaces/server/servidor_minecraft/libraries/com/zaxxer/HikariCP/5.1.0/HikariCP-5.1.0.jar
[07:54:39] [Server thread/INFO]: [SpigotLibraryLoader] [UltimateTeams] Loaded library /workspaces/server/servidor_minecraft/libraries/org/postgresql/postgresql/42.7.3/postgresql-42.7.3.jar
[07:54:39] [Server thread/INFO]: [SpigotLibraryLoader] [UltimateTeams] Loaded library /workspaces/server/servidor_minecraft/libraries/org/checkerframework/checker-qual/3.42.0/checker-qual-3.42.0.jar
[07:54:39] [Server thread/INFO]: [SpigotLibraryLoader] [xaero-map-spigot] Loading 1 libraries... please wait
[07:54:39] [Server thread/INFO]: [SpigotLibraryLoader] Downloading https://repo.maven.apache.org/maven2/org/bstats/bstats-bukkit/3.0.0/bstats-bukkit-3.0.0.pom
[07:54:39] [Server thread/INFO]: [SpigotLibraryLoader] Downloading https://repo.maven.apache.org/maven2/org/bstats/bstats-base/3.0.0/bstats-base-3.0.0.pom
[07:54:39] [Server thread/INFO]: [SpigotLibraryLoader] Downloading https://repo.maven.apache.org/maven2/org/bstats/bstats-bukkit/3.0.0/bstats-bukkit-3.0.0.jar
[07:54:39] [BasicRepositoryConnector-repo.maven.apache.org-2-0/INFO]: [SpigotLibraryLoader] Downloading https://repo.maven.apache.org/maven2/org/bstats/bstats-base/3.0.0/bstats-base-3.0.0.jar
[07:54:39] [Server thread/INFO]: [SpigotLibraryLoader] [xaero-map-spigot] Loaded library /workspaces/server/servidor_minecraft/libraries/org/bstats/bstats-bukkit/3.0.0/bstats-bukkit-3.0.0.jar
[07:54:39] [Server thread/INFO]: [SpigotLibraryLoader] [xaero-map-spigot] Loaded library /workspaces/server/servidor_minecraft/libraries/org/bstats/bstats-base/3.0.0/bstats-base-3.0.0.jar
[07:54:39] [Server thread/INFO]: [ViaVersion] Loading server plugin ViaVersion v5.3.2
[07:54:39] [Server thread/INFO]: [ViaVersion] ViaVersion 5.3.2 is now loaded. Registering protocol transformers and injecting...
[07:54:41] [Via-Mappingloader-0/INFO]: [ViaVersion] Loading block connection mappings ...
[07:54:42] [Via-Mappingloader-0/INFO]: [ViaVersion] Using FastUtil Long2ObjectOpenHashMap for block connections
[07:54:44] [Server thread/INFO]: [ViaBackwards] Loading translations...
[07:54:44] [Server thread/INFO]: [ViaBackwards] Registering protocols...
[07:54:47] [Server thread/INFO]: [floodgate] Loading server plugin floodgate v2.2.4-SNAPSHOT (b116-0e3163c)
[07:54:49] [Server thread/WARN]: [floodgate] en_ is not a supported Floodgate language.
[07:54:49] [Server thread/INFO]: [floodgate] Took 2,679ms to boot Floodgate
[07:54:49] [Server thread/INFO]: [ProtocolLib] Loading server plugin ProtocolLib v5.3.0
[07:54:50] [Server thread/INFO]: [voicechat] Loading server plugin voicechat v2.5.30
[07:54:50] [Server thread/INFO]: [Geyser-Spigot] Loading server plugin Geyser-Spigot v2.7.1-SNAPSHOT
[07:54:52] [Server thread/INFO]: [Geyser-Spigot] Loading extensions...
[07:54:52] [Server thread/INFO]: [Geyser-Spigot] Loaded 0 extension(s)
[07:54:52] [Server thread/INFO]: [ViaBackwards] Loading server plugin ViaBackwards v5.3.2
[07:54:52] [Server thread/INFO]: [HuskHomes] Loading server plugin HuskHomes v4.9.6
[07:54:53] [Server thread/INFO]: [HuskHomes] Registered 'on_load' hooks
[07:54:53] [Server thread/INFO]: [HuskHomes] Successfully loaded HuskHomes v4.9.6
[07:54:53] [Server thread/INFO]: [CustomDiscs] Loading server plugin CustomDiscs v2.1.8
[07:54:53] [Server thread/INFO]: [BackpackPlus] Loading server plugin BackpackPlus v1.5.6-beta
[07:54:53] [Server thread/INFO]: [JEXT] Loading server plugin JukeboxExtendedReborn v2.1.9
[07:54:53] [Server thread/INFO]: [FA] Loading server plugin FoxAddition v1.2.0
[07:54:53] [Server thread/INFO]: [Vanish] Loading server plugin Vanish v0.1
[07:54:53] [Server thread/INFO]: [SkinsRestorer] Loading server plugin SkinsRestorer v15.6.3
[07:54:53] [Server thread/INFO]: [UltimateTeams] Loading server plugin UltimateTeams v3.3
[07:54:53] [Server thread/INFO]: [DropHead] Loading server plugin DropHead v2.0.0
[07:54:53] [Server thread/INFO]: [InvSee++] Loading server plugin InvSeePlusPlus v0.29.20
[07:54:53] [Server thread/INFO]: [xaero-map-spigot] Loading server plugin xaero-map-spigot v1.0.0
[07:54:53] [Server thread/INFO]: [BattleArena] Loading server plugin BattleArena v4.0.2
[07:54:53] [Server thread/INFO]: [BattleArena] Loading BattleArena 4.0.2 for 1.21-130-b1b5d4c (MC: 1.21)
[07:54:53] [Server thread/INFO]: [BattleArena] Loading module Team Colors v1.0.0 by BattlePlugins
[07:54:53] [Server thread/INFO]: [BattleArena] Loading module Auto Arena v1.0.0 by BattlePlugins
[07:54:53] [Server thread/INFO]: [BattleArena] Loading module Tournaments v1.0.0 by BattlePlugins
[07:54:53] [Server thread/INFO]: [BattleArena] Loading module Boundary Enforcer v1.0.0 by BattlePlugins
[07:54:53] [Server thread/INFO]: [BattleArena] Loading module Party v1.0.0 by BattlePlugins
[07:54:53] [Server thread/INFO]: [BattleArena] Loading module Hologram v1.0.0 by BattlePlugins
[07:54:53] [Server thread/INFO]: [BattleArena] Loading module One in the Chamber v1.0.0 by BattlePlugins
[07:54:53] [Server thread/INFO]: [BattleArena] Loading module PlaceholderAPI v1.0.0 by BattlePlugins
[07:54:53] [Server thread/INFO]: [BattleArena] Loading module Duels v1.0.0 by BattlePlugins
[07:54:54] [Server thread/INFO]: [BattleArena] Loading module Classes v1.0.0 by BattlePlugins
[07:54:54] [Server thread/INFO]: [BattleArena] Loading module Arena Restoration v1.0.0 by BattlePlugins
[07:54:54] [Server thread/INFO]: [BattleArena] Loading module Scoreboards v1.0.0 by BattlePlugins
[07:54:54] [Server thread/INFO]: [BattleArena] Loading module Team Heads v1.0.0 by BattlePlugins
[07:54:54] [Server thread/INFO]: [BattleArena] Loading module Vault v1.0.0 by BattlePlugins
[07:54:54] [Server thread/INFO]: [BattleArena] Loading module Items v1.0.0 by BattlePlugins
[07:54:54] [Server thread/INFO]: [NameColor] Loading server plugin NameColor v1.10.1
[07:54:54] [Server thread/INFO]: [NameColor] Essentials plugin not found, defaulting to server mode.
[07:54:54] [Server thread/INFO]: [NameColor] Storage Method: yaml
[07:54:54] [Server thread/INFO]: Server permissions file permissions.yml is empty, ignoring it
[07:54:54] [Server thread/INFO]: [ProtocolLib] Enabling ProtocolLib v5.3.0
[07:54:54] [Server thread/INFO]: [JEXT] Enabling JukeboxExtendedReborn v2.1.9
[07:54:56] [Server thread/ERROR]: [JEXT] Failed to register events for class me.spartacus04.jext.listeners.VaultDispenseEvent because org/bukkit/event/block/BlockDispenseLootEvent does not exist.
[07:54:56] [Server thread/ERROR]: [JEXT] Failed to register events for class me.spartacus04.jext.listeners.TrialSpawnerDispenseEvent because org/bukkit/event/block/BlockDispenseLootEvent does not exist.
[07:54:56] [Server thread/INFO]: [JEXT] Enabled Jukebox Extended Reborn, Do Re Mi!
[07:54:56] [Server thread/INFO]: [SkinsRestorer] Enabling SkinsRestorer v15.6.3
[07:54:56] [DefaultDispatcher-worker-2/INFO]: [JEXT] resource-pack.zip not found, please provide it in the plugin directory
[07:54:57] [DefaultDispatcher-worker-1/INFO]: [JEXT] No custom discs found! Check out the documentation for more info.
[07:54:57] [DefaultDispatcher-worker-1/INFO]: [https://spartacus04.github.io/jext-reborn/docs/]
[07:54:58] [Server thread/INFO]: [SkinsRestorer] Running on Minecraft 1.21.0.
[07:54:59] [Server thread/INFO]: [SkinsRestorer] Floodgate skin listener registered
[07:55:00] [Server thread/INFO]: [SkinsRestorer] Using paper join listener!
[07:55:00] [Server thread/INFO]: [xaero-map-spigot] Enabling xaero-map-spigot v1.0.0
[07:55:00] [Server thread/WARN]: **** SERVER IS RUNNING IN OFFLINE/INSECURE MODE!
[07:55:00] [Server thread/WARN]: The server will make no attempt to authenticate usernames. Beware.
[07:55:00] [Server thread/WARN]: While this makes the game possible to play without internet access, it also opens up the ability for hackers to connect with any username they choose.
[07:55:00] [Server thread/WARN]: To change this, set "online-mode" to "true" in the server.properties file.
[07:55:00] [Server thread/INFO]: Preparing level "world"
[07:55:00] [Folia Async Scheduler Thread #3/INFO]: [SkinsRestorer] ----------------------------------------------
[07:55:00] [Folia Async Scheduler Thread #3/INFO]: [SkinsRestorer]     +==================+
[07:55:00] [Folia Async Scheduler Thread #3/INFO]: [SkinsRestorer]     |   SkinsRestorer  |
[07:55:00] [Folia Async Scheduler Thread #3/INFO]: [SkinsRestorer]     |------------------|
[07:55:00] [Folia Async Scheduler Thread #3/INFO]: [SkinsRestorer]     |  Standalone Mode |
[07:55:00] [Folia Async Scheduler Thread #3/INFO]: [SkinsRestorer]     +==================+
[07:55:00] [Folia Async Scheduler Thread #3/INFO]: [SkinsRestorer] ----------------------------------------------
[07:55:00] [Folia Async Scheduler Thread #3/INFO]: [SkinsRestorer]     Version: 15.6.3
[07:55:00] [Folia Async Scheduler Thread #3/INFO]: [SkinsRestorer]     Commit: 7eb6dc6
[07:55:00] [Folia Async Scheduler Thread #3/INFO]: [SkinsRestorer]     This is the latest version!
[07:55:00] [Folia Async Scheduler Thread #3/INFO]: [SkinsRestorer] ----------------------------------------------
[07:55:00] [Folia Async Scheduler Thread #3/INFO]: [SkinsRestorer] Do you have issues? Read our troubleshooting guide: https://skinsrestorer.net/docs/troubleshooting
[07:55:00] [Folia Async Scheduler Thread #3/INFO]: [SkinsRestorer] Want to support SkinsRestorer? Consider donating: https://skinsrestorer.net/donate
[07:55:00] [Server thread/INFO]: Preparing start region for dimension minecraft:overworld
[07:55:03] [Server thread/INFO]: Time elapsed: 2533 ms
[07:55:03] [Server thread/INFO]: Preparing start region for dimension minecraft:the_nether
[07:55:03] [Server thread/INFO]: Time elapsed: 497 ms
[07:55:03] [Server thread/INFO]: Preparing start region for dimension minecraft:the_end
[07:55:03] [Server thread/INFO]: Time elapsed: 209 ms
[07:55:04] [Server thread/INFO]: [ViaVersion] Enabling ViaVersion v5.3.2
[07:55:04] [Server thread/INFO]: [ViaVersion] ViaVersion detected server version: 1.21-1.21.1 (767)
[07:55:04] [Server thread/INFO]: [floodgate] Enabling floodgate v2.2.4-SNAPSHOT (b116-0e3163c)
[07:55:05] [Server thread/INFO]: [voicechat] Enabling voicechat v2.5.30
[07:55:05] [Server thread/INFO]: [voicechat] Initializing compatibility for version 1.21-R0.1
[07:55:05] [Server thread/INFO]: [voicechat] Compatibility version 18
[07:55:05] [Server thread/INFO]: [voicechat] Successfully initialized commodore command completion
[07:55:05] [Server thread/INFO]: [voicechat] Successfully added ViaVersion mappings
[07:55:05] [Server thread/INFO]: [Geyser-Spigot] Enabling Geyser-Spigot v2.7.1-SNAPSHOT
[07:55:06] [Server thread/INFO]: [ViaBackwards] Enabling ViaBackwards v5.3.2
[07:55:06] [Server thread/INFO]: [HuskHomes] Enabling HuskHomes v4.9.6
[07:55:07] [Server thread/INFO]: [HuskHomes] Registered 'on_enable' hooks
[07:55:07] [Server thread/INFO]: [HuskHomes] Successfully enabled HuskHomes v4.9.6
[07:55:07] [Server thread/INFO]: [CustomDiscs] Enabling CustomDiscs v2.1.8
[07:55:08] [Server thread/INFO]: <prefix.info>Created plugin data folder
[07:55:09] [Server thread/INFO]: [CustomDiscs Info] Created music data folder
[07:55:09] [Server thread/INFO]: [CustomDiscs Info] Successfully enabled voicechat hook
[07:55:09] [Server thread/INFO]: [BackpackPlus] Enabling BackpackPlus v1.5.6-beta
[07:55:09] [Server thread/INFO]: [BackpackPlus] [Pack] Resource pack copied to pack folder.
[07:55:09] [Server thread/INFO]: [BackpackPlus] [Pack] New version found, updating readme...
[07:55:09] [Server thread/INFO]: [BackpackPlus] [Pack] Readme updated.
[07:55:10] [Server thread/INFO]: [BackpackPlus] [Settings] Configuration loaded successfully. No missing fields detected.
[07:55:10] [Server thread/INFO]: [BackpackPlus] [Database] Configuration loaded successfully. No missing fields detected.
[07:55:10] [Server thread/INFO]: [BackpackPlus] [Database] SQLite Successfully connected to database
[07:55:10] [Server thread/INFO]: [BackpackPlus] Tables and indexes created successfully.
[07:55:10] [Server thread/INFO]: [BackpackPlus] Language used: eng
[07:55:11] [Server thread/INFO]: [FA] Enabling FoxAddition v1.2.0
[07:55:11] [Server thread/INFO]: [FA]                           
[07:55:11] [Server thread/INFO]: [FA] ______                         _      _  _  _    _                 
[07:55:11] [Server thread/INFO]: [FA] |  ____|             /\       | |    | |(_)| |  (_)              
[07:55:11] [Server thread/INFO]: [FA] | |__  ___ __  __   /  \    __| |  __| | _ | |_  _   ___   _ __  
[07:55:11] [Server thread/INFO]: [FA] |  __|/ _ \\ \/ /  / /\ \  / _` | / _` || || __|| | / _ \ | '_ \ 
[07:55:11] [Server thread/INFO]: [FA] | |  | (_) |>  <  / ____ \| (_| || (_| || || |_ | || (_) || | | |
[07:55:11] [Server thread/INFO]: [FA] |_|   \___//_/\_\/_/    \_\\__,_| \__,_||_| \__||_| \___/ |_| |_|
[07:55:11] [Server thread/INFO]: [FA]          Powered by https://www.idcteam.xyz/
[07:55:11] [Server thread/INFO]: [FA]                           
[07:55:11] [Server thread/INFO]: [FA]                  Created by NovaCraft254
[07:55:11] [Server thread/INFO]: [FA]          Running on 1.21-130-b1b5d4c (MC: 1.21)
[07:55:11] [Server thread/INFO]: [FA]                           
[07:55:11] [Server thread/INFO]: [FA] [LOGS] The cleanup of old logs started...
[07:55:11] [Server thread/INFO]: [FA] [LOGS] The cleanup of old logs finished.
[07:55:11] [Server thread/INFO]: [FA] [PHASE] Detecting automatically your version...
[07:55:11] [Server thread/INFO]: [FA] [HOOK] Geyser (with Floodgate) has been hooked.
[07:55:11] [Server thread/INFO]: [FA] [HOOK] Bedrock: Adding support for bedrock players with prefix or UUID.
[07:55:11] [Server thread/INFO]: [FA] [HOOK] ProtocolLib has been hooked.
[07:55:11] [Server thread/INFO]: [FA] [FILES] FileWatcher is now enabled and ready to apply changes.
[07:55:11] [Server thread/WARN]: [FA] [UPDATER] A new version of this plugin has been found.
[07:55:11] [Server thread/WARN]: [FA] [UPDATER] Your version is: 1.2.0
[07:55:11] [Server thread/WARN]: [FA] [UPDATER] Latest version is: 1.2.2
[07:55:11] [Server thread/WARN]: [FA] [UPDATER] Download it in: https://www.spigotmc.org/resources/111260/
[07:55:11] [Server thread/INFO]: [Vanish] Enabling Vanish v0.1
[07:55:11] [Server thread/INFO]: [UltimateTeams] Enabling UltimateTeams v3.3
[07:55:11] [Server thread/INFO]: [UltimateTeams] [ACF] Enabled Asynchronous Tab Completion Support!
[07:55:11] [Server thread/INFO]: [UltimateTeams] Initializing plugin config & locale files...
[07:55:12] [Server thread/INFO]: [UltimateTeams] Successfully initialized plugin config & locale files
[07:55:12] [Server thread/INFO]: [UltimateTeams] Initializing SQLite database connection...
[07:55:12] [Server thread/INFO]: [UltimateTeams] Created the SQLite database file
[07:55:12] [Server thread/INFO]: [UltimateTeams] Database tables created
[07:55:12] [Server thread/INFO]: [UltimateTeams] Successfully initialized SQLite database connection
[07:55:12] [Server thread/INFO]: [UltimateTeams] Initializing commands...
[07:55:12] [Server thread/INFO]: [UltimateTeams] Successfully initialized commands
[07:55:12] [Server thread/INFO]: [UltimateTeams] Initializing events...
[07:55:12] [Server thread/INFO]: [UltimateTeams] Successfully initialized events
[07:55:12] [Server thread/INFO]: [UltimateTeams] Initializing teams...
[07:55:12] [Server thread/INFO]: [UltimateTeams] Successfully initialized teams
[07:55:12] [Server thread/INFO]: -------------------------------------------
[07:55:12] [Server thread/INFO]: UltimateTeams: PlaceholderAPI not found!
[07:55:12] [Server thread/INFO]: UltimateTeams: External placeholders disabled!
[07:55:12] [Server thread/INFO]: -------------------------------------------
[07:55:12] [Server thread/INFO]: -------------------------------------------
[07:55:12] [Server thread/INFO]: UltimateTeams: FloodgateApi not found/feature disabled!
[07:55:12] [Server thread/INFO]: UltimateTeams: Bedrock support won't work!
[07:55:12] [Server thread/INFO]: -------------------------------------------
[07:55:12] [Server thread/INFO]: [UltimateTeams] Initializing metrics...
[07:55:12] [Server thread/INFO]: [UltimateTeams] Successfully initialized metrics
[07:55:12] [Server thread/INFO]: [DropHead] Enabling DropHead v2.0.0
[07:55:12] [Server thread/INFO]: [InvSee++] Enabling InvSeePlusPlus v0.29.20
[07:55:13] [Server thread/INFO]: [BattleArena] Enabling BattleArena v4.0.2
[07:55:13] [Server thread/INFO]: [BattleArena] Enabled module Items v1.0.0
[07:55:13] [Server thread/INFO]: [BattleArena] Enabled module Boundary Enforcer v1.0.0
[07:55:13] [Server thread/INFO]: [BattleArena] Enabled module Tournaments v1.0.0
[07:55:13] [Server thread/INFO]: [BattleArena] Enabled module PlaceholderAPI v1.0.0
[07:55:13] [Server thread/INFO]: [BattleArena] Enabled module Auto Arena v1.0.0
[07:55:13] [Server thread/INFO]: [BattleArena] Enabled module Hologram v1.0.0
[07:55:14] [Server thread/INFO]: [BattleArena] Enabled module Classes v1.0.0
[07:55:14] [Server thread/INFO]: [BattleArena] Enabled module Duels v1.0.0
[07:55:14] [Server thread/INFO]: [BattleArena] Enabled module One in the Chamber v1.0.0
[07:55:14] [Server thread/INFO]: [BattleArena] Enabled module Scoreboards v1.0.0
[07:55:14] [Server thread/INFO]: [BattleArena] Enabled module Team Heads v1.0.0
[07:55:14] [Server thread/INFO]: [BattleArena] Enabled module Arena Restoration v1.0.0
[07:55:14] [Server thread/INFO]: [BattleArena] Enabled module Party v1.0.0
[07:55:14] [Server thread/INFO]: [BattleArena] Enabled module Vault v1.0.0
[07:55:14] [Server thread/INFO]: [BattleArena] Enabled module Team Colors v1.0.0
[07:55:14] [Server thread/WARN]: [BattleArena] ----------------------------------------
[07:55:14] [Server thread/WARN]: [BattleArena] BattleTracker not found! Arena statistics will not be saved.
[07:55:14] [Server thread/WARN]: [BattleArena] You can download BattleTracker at: https://modrinth.com/project/battletracker.
[07:55:14] [Server thread/WARN]: [BattleArena] ----------------------------------------
[07:55:14] [Server thread/INFO]: [NameColor] Enabling NameColor v1.10.1
[07:55:14] [Server thread/INFO]: [NameColor] NameColor version 1.10.1 enabled.
[07:55:14] [Server thread/INFO]: [spark] Starting background profiler...
[07:55:15] [Server thread/INFO]: [Geyser-Spigot] ******************************************
[07:55:15] [Server thread/INFO]: [Geyser-Spigot] 
[07:55:15] [Server thread/INFO]: [Geyser-Spigot] Loading Geyser version 2.7.1-b833 (git-master-d0be6d9)
[07:55:15] [Server thread/INFO]: [Geyser-Spigot] 
[07:55:15] [Server thread/INFO]: [Geyser-Spigot] ******************************************
[07:55:27] [epollEventLoopGroup-3-1/INFO]: [Geyser-Spigot] Started Geyser on UDP port 61218
[07:55:27] [Server thread/INFO]: [Geyser-Spigot] Done (11.899s)! Run /geyser help for help!
[07:55:27] [Server thread/INFO]: [BattleArena] Disabling module PlaceholderAPI for reason: PlaceholderAPI is required for the PlaceholderAPI integration module to work!
[07:55:27] [Server thread/INFO]: [BattleArena] Disabling module Arena Restoration for reason: WorldEdit is required for the arena restoration module to work!
[07:55:27] [Server thread/INFO]: [BattleArena] Disabling module Vault for reason: Vault is required for the Vault integration module to work!
[07:55:28] [Server thread/INFO]: [BattleArena] Loaded arena: Skirmish.
[07:55:28] [Server thread/INFO]: [BattleArena] Loaded arena: FFA.
[07:55:28] [Server thread/INFO]: [BattleArena] Loaded arena: Battlegrounds.
[07:55:28] [Server thread/INFO]: [BattleArena] Loaded arena: Deathmatch.
[07:55:28] [Server thread/INFO]: [BattleArena] Loaded arena: Arena.
[07:55:28] [Server thread/INFO]: [BattleArena] Loaded arena: Colosseum.
[07:55:28] [Server thread/INFO]: [BattleArena] Scheduled event for arena FFA in PT35Mm.
[07:55:28] [Server thread/INFO]: Done preparing level "world" (28.128s)
[07:55:28] [Server thread/INFO]: Running delayed init tasks
[07:55:28] [Craft Scheduler Thread - 5 - ViaVersion/INFO]: [ViaVersion] Finished mapping loading, shutting down loader executor.
[07:55:28] [Craft Scheduler Thread - 10 - UltimateTeams/INFO]: UltimateTeams: Cleared all outstanding team invites!
[07:55:28] [Server thread/INFO]: Done (86.278s)! For help, type "help"
[07:55:28] [Server thread/INFO]: Timings Reset
[07:55:28] [Craft Scheduler Thread - 9 - UltimateTeams/INFO]: Loaded 0 teams!
[07:55:28] [Server thread/INFO]: [JEXT] Webserver started on port 9871
[07:55:28] [Craft Scheduler Thread - 8 - BackpackPlus/INFO]: =============================[BackpackPlus]=============================
[07:55:28] [Craft Scheduler Thread - 8 - BackpackPlus/INFO]: The plugin is up to date: (BETA 1.5.6)
[07:55:28] [Craft Scheduler Thread - 8 - BackpackPlus/INFO]: =============================[BackpackPlus]=============================
[07:55:28] [Server thread/INFO]: [voicechat] Loading plugins
[07:55:28] [Server thread/INFO]: [voicechat] Loaded 1 plugin(s)
[07:55:28] [Server thread/INFO]: [voicechat] Initializing plugins
[07:55:28] [Server thread/INFO]: [voicechat] Initialized 1 plugin(s)
[07:55:28] [Server thread/INFO]: [voicechat] Registering events for 'customdiscs'
[07:55:28] [Server thread/WARN]: [voicechat] Running in offline mode - Voice chat encryption is not secure!
[07:55:28] [VoiceChatServerThread/INFO]: [voicechat] Voice chat server started at port 24454
[07:55:33] [Craft Scheduler Thread - 4 - HuskHomes/INFO]: [HuskHomes] Registered 'after_load' hooks
[07:56:15] [Server thread/INFO]: [Not Secure] [Server] ua esta?
[07:56:23] [Server thread/INFO]: Stopping the server
[07:56:23] [Server thread/INFO]: Stopping server
[07:56:23] [Server thread/INFO]: [NameColor] Disabling NameColor v1.10.1
[07:56:23] [Server thread/INFO]: [NameColor] Disabled.
[07:56:23] [Server thread/INFO]: [BattleArena] Disabling BattleArena v4.0.2
[07:56:23] [Server thread/INFO]: [xaero-map-spigot] Disabling xaero-map-spigot v1.0.0
[07:56:23] [Server thread/INFO]: [InvSee++] Disabling InvSeePlusPlus v0.29.20
[07:56:23] [Server thread/INFO]: [DropHead] Disabling DropHead v2.0.0
[07:56:23] [Server thread/INFO]: [UltimateTeams] Disabling UltimateTeams v3.3
[07:56:23] [Server thread/INFO]: -------------------------------------------
[07:56:23] [Server thread/INFO]: UltimateTeams: Plugin by: xF3d3
[07:56:23] [Server thread/INFO]: UltimateTeams: Plugin Version: 3.3
[07:56:23] [Server thread/INFO]: UltimateTeams: Has been shutdown successfully
[07:56:23] [Server thread/INFO]: UltimateTeams: Goodbye!
[07:56:23] [Server thread/INFO]: -------------------------------------------
[07:56:23] [Server thread/INFO]: [SkinsRestorer] Disabling SkinsRestorer v15.6.3
[07:56:23] [Server thread/INFO]: [Vanish] Disabling Vanish v0.1
[07:56:23] [Server thread/INFO]: [FA] Disabling FoxAddition v1.2.0
[07:56:23] [Server thread/INFO]: [FA] [FILES] FileWatcher is now enabled and ready to apply changes.
[07:56:23] [Server thread/INFO]: [FA] [FILES] FileWatcher is now disabled.
[07:56:23] [Server thread/INFO]: [JEXT] Disabling JukeboxExtendedReborn v2.1.9
[07:56:23] [Server thread/INFO]: [JEXT] Webserver stopped
[07:56:23] [Server thread/INFO]: [JEXT] Disabled Jukebox Extended Reborn, Mi Re Do!
[07:56:23] [Server thread/INFO]: [BackpackPlus] Disabling BackpackPlus v1.5.6-beta
[07:56:23] [Server thread/INFO]: [BackpackPlus] SQLite Successfully disconnected from the database
[07:56:23] [Server thread/INFO]: [CustomDiscs] Disabling CustomDiscs v2.1.8
[07:56:23] [Server thread/INFO]: [CustomDiscs Info] Enable use-oauth2 in config.yml and restart server to make YouTube discs work!
[07:56:23] [Server thread/INFO]: [CustomDiscs Info] Successfully disabled CustomDiscs plugin
[07:56:23] [Server thread/INFO]: [HuskHomes] Disabling HuskHomes v4.9.6
[07:56:23] [Server thread/INFO]: [HuskHomes] Disabling HuskHomes v4.9.6...
[07:56:23] [Server thread/INFO]: [HuskHomes] Successfully disabled HuskHomes v4.9.6
[07:56:23] [Server thread/INFO]: [ViaBackwards] Disabling ViaBackwards v5.3.2
[07:56:23] [Server thread/INFO]: [Geyser-Spigot] Disabling Geyser-Spigot v2.7.1-SNAPSHOT
[07:56:23] [Server thread/INFO]: [Geyser-Spigot] Shutting down Geyser.
[07:56:24] [Server thread/INFO]: [Geyser-Spigot] Geyser shutdown successfully.
[07:56:24] [Server thread/INFO]: [voicechat] Disabling voicechat v2.5.30
[07:56:24] [Server thread/INFO]: [ProtocolLib] Disabling ProtocolLib v5.3.0
[07:56:24] [Server thread/INFO]: [floodgate] Disabling floodgate v2.2.4-SNAPSHOT (b116-0e3163c)
[07:56:24] [Server thread/INFO]: [ViaVersion] Disabling ViaVersion v5.3.2
[07:56:24] [Server thread/INFO]: [ViaVersion] ViaVersion has been disabled; uninjected the platform and shut down the scheduler.
[07:56:24] [Server thread/INFO]: Saving players
[07:56:24] [Server thread/INFO]: Saving worlds
[07:56:24] [Server thread/INFO]: Saving chunks for level 'ServerLevel[world]'/minecraft:overworld
[07:56:24] [Server thread/INFO]: [ChunkHolderManager] Waiting 60s for chunk system to halt for world 'world'
[07:56:24] [Server thread/INFO]: [ChunkHolderManager] Halted chunk system for world 'world'
[07:56:24] [Server thread/INFO]: [ChunkHolderManager] Saving all chunkholders for world 'world'
[07:56:24] [WebSocketConnectReadThread-156/INFO]: [Geyser-Spigot] The skin uploader has been closed
[07:56:24] [Server thread/INFO]: [ChunkHolderManager] Saved 49 block chunks, 49 entity chunks, 0 poi chunks in world 'world' in 0.37s
[07:56:24] [Server thread/INFO]: Saving chunks for level 'ServerLevel[world_nether]'/minecraft:the_nether
[07:56:24] [Server thread/INFO]: [ChunkHolderManager] Waiting 60s for chunk system to halt for world 'world_nether'
[07:56:24] [Server thread/INFO]: [ChunkHolderManager] Halted chunk system for world 'world_nether'
[07:56:24] [Server thread/INFO]: [ChunkHolderManager] Saving all chunkholders for world 'world_nether'
[07:56:24] [Server thread/INFO]: [ChunkHolderManager] Saved 49 block chunks, 49 entity chunks, 0 poi chunks in world 'world_nether' in 0.22s
[07:56:24] [Server thread/INFO]: Saving chunks for level 'ServerLevel[world_the_end]'/minecraft:the_end
[07:56:25] [Server thread/INFO]: [ChunkHolderManager] Waiting 60s for chunk system to halt for world 'world_the_end'
[07:56:25] [Server thread/INFO]: [ChunkHolderManager] Halted chunk system for world 'world_the_end'
[07:56:25] [Server thread/INFO]: [ChunkHolderManager] Saving all chunkholders for world 'world_the_end'
[07:56:25] [Server thread/INFO]: [ChunkHolderManager] Saved 49 block chunks, 49 entity chunks, 0 poi chunks in world 'world_the_end' in 0.21s
[07:56:25] [Server thread/INFO]: ThreadedAnvilChunkStorage (world): All chunks are saved
[07:56:25] [Server thread/INFO]: ThreadedAnvilChunkStorage (DIM-1): All chunks are saved
[07:56:25] [Server thread/INFO]: ThreadedAnvilChunkStorage (DIM1): All chunks are saved
[07:56:25] [Server thread/INFO]: ThreadedAnvilChunkStorage: All dimensions are saved
